android/app/build/intermediates/manifest_merge_blame_file/debug/manifest-merger-blame-debug-report.txt
1<?xml version="1.0" encoding="utf-8"?>
2<manifest xmlns:android="http://schemas.android.com/apk/res/android"
3    package="com.rj_delivery"
4    android:versionCode="1"
5    android:versionName="1.0" >
6
7    <uses-sdk
8        android:minSdkVersion="16"
9        android:targetSdkVersion="28" />
10
11    <uses-permission android:name="android.permission.SYSTEM_ALERT_WINDOW" />
11-->src\debug\AndroidManifest.xml:5:5-77
11-->src\debug\AndroidManifest.xml:5:22-75
12    <uses-permission android:name="android.permission.INTERNET" />
12-->src\main\AndroidManifest.xml:4:6-68
12-->src\main\AndroidManifest.xml:4:23-65
13    <uses-permission android:name="android.permission.WRITE_EXTERNAL_STORAGE" />
13-->src\main\AndroidManifest.xml:5:6-84
13-->src\main\AndroidManifest.xml:5:23-81
14    <uses-permission android:name="android.permission.ACCESS_WIFI_STATE" />
14-->[com.facebook.flipper:flipper:0.33.1] AndroidManifest.xml:16:5-76
14-->[com.facebook.flipper:flipper:0.33.1] AndroidManifest.xml:16:22-73
15
16    <application
16-->src\main\AndroidManifest.xml:6:5-28:19
17        android:name="com.rj_delivery.MainApplication"
17-->src\main\AndroidManifest.xml:7:7-38
18        android:allowBackup="false"
18-->src\main\AndroidManifest.xml:11:7-34
19        android:appComponentFactory="androidx.core.app.CoreComponentFactory"
19-->[androidx.core:core:1.1.0] AndroidManifest.xml:24:18-86
20        android:debuggable="true"
21        android:icon="@drawable/icon"
21-->src\main\AndroidManifest.xml:9:7-36
22        android:label="@string/app_name"
22-->src\main\AndroidManifest.xml:8:7-39
23        android:networkSecurityConfig="@xml/network_security_config"
23-->src\main\AndroidManifest.xml:12:7-67
24        android:roundIcon="@drawable/ic_launcher"
24-->src\main\AndroidManifest.xml:10:7-48
25        android:theme="@style/AppTheme"
25-->src\main\AndroidManifest.xml:13:7-38
26        android:usesCleartextTraffic="true" >
26-->src\main\AndroidManifest.xml:14:7-42
27        <activity
27-->src\main\AndroidManifest.xml:16:7-26:18
28            android:name="com.rj_delivery.MainActivity"
28-->src\main\AndroidManifest.xml:17:9-37
29            android:configChanges="keyboard|keyboardHidden|orientation|screenSize|uiMode"
29-->src\main\AndroidManifest.xml:19:9-86
30            android:label="@string/app_name"
30-->src\main\AndroidManifest.xml:18:9-41
31            android:launchMode="singleTask"
31-->src\main\AndroidManifest.xml:20:9-40
32            android:windowSoftInputMode="adjustResize" >
32-->src\main\AndroidManifest.xml:21:9-51
33            <intent-filter>
33-->src\main\AndroidManifest.xml:22:9-25:25
34                <action android:name="android.intent.action.MAIN" />
34-->src\main\AndroidManifest.xml:23:13-65
34-->src\main\AndroidManifest.xml:23:21-62
35
36                <category android:name="android.intent.category.LAUNCHER" />
36-->src\main\AndroidManifest.xml:24:13-73
36-->src\main\AndroidManifest.xml:24:23-70
37            </intent-filter>
38        </activity>
39        <activity android:name="com.facebook.react.devsupport.DevSettingsActivity" />
39-->src\main\AndroidManifest.xml:27:7-84
39-->src\main\AndroidManifest.xml:27:17-81
40
41        <provider
41-->[:react-native-image-picker] AndroidManifest.xml:10:9-18:20
42            android:name="com.imagepicker.FileProvider"
42-->[:react-native-image-picker] AndroidManifest.xml:11:13-56
43            android:authorities="com.rj_delivery.provider"
43-->[:react-native-image-picker] AndroidManifest.xml:12:13-60
44            android:exported="false"
44-->[:react-native-image-picker] AndroidManifest.xml:13:13-37
45            android:grantUriPermissions="true" >
45-->[:react-native-image-picker] AndroidManifest.xml:14:13-47
46            <meta-data
46-->[:react-native-image-picker] AndroidManifest.xml:15:13-17:58
47                android:name="android.support.FILE_PROVIDER_PATHS"
47-->[:react-native-image-picker] AndroidManifest.xml:16:17-67
48                android:resource="@xml/provider_paths" />
48-->[:react-native-image-picker] AndroidManifest.xml:17:17-55
49        </provider>
50    </application>
51
52</manifest>